<?xml version="1.0" encoding="UTF-8"?>
<!-- Generated by org.testng.reporters.JUnitReportReporter -->
<testsuite skipped="0" hostname="DESKTOP-8BOMNGU" name="com.paru.parul.FerozTest" tests="1" failures="0" timestamp="02 Jun 2019 10:25:44 GMT" time="0.016" errors="0">
  <testcase name="boole" time="0.016" classname="com.paru.parul.FerozTest"/>
</testsuite> <!-- com.paru.parul.FerozTest -->
