<?xml version="1.0" encoding="UTF-8"?>
<!-- Generated by org.testng.reporters.JUnitReportReporter -->
<testsuite skipped="0" hostname="DESKTOP-8BOMNGU" name="com.paru.parul.AppTest" tests="1" failures="0" timestamp="01 Jun 2019 21:31:00 GMT" time="0.021" errors="0">
  <testcase name="peru" time="0.021" classname="com.paru.parul.AppTest"/>
</testsuite> <!-- com.paru.parul.AppTest -->
