<?xml version="1.0" encoding="UTF-8"?>
<!-- Generated by org.testng.reporters.JUnitReportReporter -->
<testsuite skipped="0" hostname="DESKTOP-8BOMNGU" name="com.paru.parul.App1Test" tests="1" failures="0" timestamp="02 Jun 2019 10:25:44 GMT" time="0.001" errors="0">
  <testcase name="peru" time="0.001" classname="com.paru.parul.App1Test"/>
</testsuite> <!-- com.paru.parul.App1Test -->
